Picked up JAVA_TOOL_OPTIONS: -Dfile.encoding=UTF8
[INFO] Scanning for projects...
[INFO] 
[INFO] --------------------------< com.example:ToDO >--------------------------
[INFO] Building ToDO 0.0.1-SNAPSHOT
[INFO]   from pom.xml
[INFO] --------------------------------[ jar ]---------------------------------
[INFO] 
[INFO] >>> spring-boot:3.2.1:run (default-cli) > test-compile @ ToDO >>>
[INFO] 
[INFO] --- resources:3.3.1:resources (default-resources) @ ToDO ---
[INFO] Copying 1 resource from src/main/resources to target/classes
[INFO] Copying 3 resources from src/main/resources to target/classes
[INFO] 
[INFO] --- compiler:3.11.0:compile (default-compile) @ ToDO ---
[INFO] Nothing to compile - all classes are up to date
[INFO] 
[INFO] --- resources:3.3.1:testResources (default-testResources) @ ToDO ---
[INFO] skip non existing resourceDirectory /Users/midori/Documents/_Development/todo/src/test/resources
[INFO] 
[INFO] --- compiler:3.11.0:testCompile (default-testCompile) @ ToDO ---
[INFO] Changes detected - recompiling the module! :source
[INFO] Compiling 1 source file with javac [debug release 17] to target/test-classes
[INFO] 
[INFO] <<< spring-boot:3.2.1:run (default-cli) < test-compile @ ToDO <<<
[INFO] 
[INFO] 
[INFO] --- spring-boot:3.2.1:run (default-cli) @ ToDO ---
[INFO] Attaching agents: []
Picked up JAVA_TOOL_OPTIONS: -Dfile.encoding=UTF8

  .   ____          _            __ _ _
 /\\ / ___'_ __ _ _(_)_ __  __ _ \ \ \ \
( ( )\___ | '_ | '_| | '_ \/ _` | \ \ \ \
 \\/  ___)| |_)| | | | | || (_| |  ) ) ) )
  '  |____| .__|_| |_|_| |_\__, | / / / /
 =========|_|==============|___/=/_/_/_/
 :: Spring Boot ::                (v3.2.1)

2025-08-22T11:59:44.935+08:00  INFO 35369 --- [ToDO] [           main] com.example.ToDO.ToDoApplication         : Starting ToDoApplication using Java 17.0.12 with PID 35369 (/Users/midori/Documents/_Development/todo/target/classes started by midori in /Users/midori/Documents/_Development/todo)
2025-08-22T11:59:44.936+08:00  INFO 35369 --- [ToDO] [           main] com.example.ToDO.ToDoApplication         : No active profile set, falling back to 1 default profile: "default"
2025-08-22T11:59:45.143+08:00  INFO 35369 --- [ToDO] [           main] .s.d.r.c.RepositoryConfigurationDelegate : Bootstrapping Spring Data JPA repositories in DEFAULT mode.
2025-08-22T11:59:45.160+08:00  INFO 35369 --- [ToDO] [           main] .s.d.r.c.RepositoryConfigurationDelegate : Finished Spring Data repository scanning in 14 ms. Found 1 JPA repository interface.
2025-08-22T11:59:45.332+08:00  INFO 35369 --- [ToDO] [           main] o.s.b.w.embedded.tomcat.TomcatWebServer  : Tomcat initialized with port 8080 (http)
2025-08-22T11:59:45.336+08:00  INFO 35369 --- [ToDO] [           main] o.apache.catalina.core.StandardService   : Starting service [Tomcat]
2025-08-22T11:59:45.336+08:00  INFO 35369 --- [ToDO] [           main] o.apache.catalina.core.StandardEngine    : Starting Servlet engine: [Apache Tomcat/10.1.17]
2025-08-22T11:59:45.356+08:00  INFO 35369 --- [ToDO] [           main] o.a.c.c.C.[Tomcat].[localhost].[/]       : Initializing Spring embedded WebApplicationContext
2025-08-22T11:59:45.356+08:00  INFO 35369 --- [ToDO] [           main] w.s.c.ServletWebServerApplicationContext : Root WebApplicationContext: initialization completed in 405 ms
2025-08-22T11:59:45.415+08:00  INFO 35369 --- [ToDO] [           main] o.hibernate.jpa.internal.util.LogHelper  : HHH000204: Processing PersistenceUnitInfo [name: default]
2025-08-22T11:59:45.441+08:00  INFO 35369 --- [ToDO] [           main] org.hibernate.Version                    : HHH000412: Hibernate ORM core version 6.4.1.Final
2025-08-22T11:59:45.457+08:00  INFO 35369 --- [ToDO] [           main] o.h.c.internal.RegionFactoryInitiator    : HHH000026: Second-level cache disabled
2025-08-22T11:59:45.527+08:00  INFO 35369 --- [ToDO] [           main] o.s.o.j.p.SpringPersistenceUnitInfo      : No LoadTimeWeaver setup: ignoring JPA class transformer
2025-08-22T11:59:45.536+08:00  INFO 35369 --- [ToDO] [           main] com.zaxxer.hikari.HikariDataSource       : HikariPool-1 - Starting...
2025-08-22T11:59:45.609+08:00  INFO 35369 --- [ToDO] [           main] com.zaxxer.hikari.pool.HikariPool        : HikariPool-1 - Added connection org.postgresql.jdbc.PgConnection@7781263c
2025-08-22T11:59:45.610+08:00  INFO 35369 --- [ToDO] [           main] com.zaxxer.hikari.HikariDataSource       : HikariPool-1 - Start completed.
2025-08-22T11:59:45.628+08:00  WARN 35369 --- [ToDO] [           main] org.hibernate.orm.deprecation            : HHH90000025: PostgreSQLDialect does not need to be specified explicitly using 'hibernate.dialect' (remove the property setting and it will be selected by default)
2025-08-22T11:59:45.901+08:00  INFO 35369 --- [ToDO] [           main] o.h.e.t.j.p.i.JtaPlatformInitiator       : HHH000489: No JTA platform available (set 'hibernate.transaction.jta.platform' to enable JTA platform integration)
2025-08-22T11:59:45.944+08:00  INFO 35369 --- [ToDO] [           main] j.LocalContainerEntityManagerFactoryBean : Initialized JPA EntityManagerFactory for persistence unit 'default'
2025-08-22T11:59:46.037+08:00  WARN 35369 --- [ToDO] [           main] JpaBaseConfiguration$JpaWebConfiguration : spring.jpa.open-in-view is enabled by default. Therefore, database queries may be performed during view rendering. Explicitly configure spring.jpa.open-in-view to disable this warning
2025-08-22T11:59:46.149+08:00  INFO 35369 --- [ToDO] [           main] o.s.b.w.embedded.tomcat.TomcatWebServer  : Tomcat started on port 8080 (http) with context path ''
2025-08-22T11:59:46.154+08:00  INFO 35369 --- [ToDO] [           main] com.example.ToDO.ToDoApplication         : Started ToDoApplication in 1.351 seconds (process running for 1.478)
2025-08-22T11:59:58.572+08:00  INFO 35369 --- [ToDO] [nio-8080-exec-1] o.a.c.c.C.[Tomcat].[localhost].[/]       : Initializing Spring DispatcherServlet 'dispatcherServlet'
2025-08-22T11:59:58.575+08:00  INFO 35369 --- [ToDO] [nio-8080-exec-1] o.s.web.servlet.DispatcherServlet        : Initializing Servlet 'dispatcherServlet'
2025-08-22T11:59:58.583+08:00  INFO 35369 --- [ToDO] [nio-8080-exec-1] o.s.web.servlet.DispatcherServlet        : Completed initialization in 8 ms
Hibernate: select t1_0.id,t1_0.done,t1_0.title from todo t1_0
Hibernate: select t1_0.id,t1_0.done,t1_0.title from todo t1_0
Hibernate: select t1_0.id,t1_0.done,t1_0.title from todo t1_0
Hibernate: update todo set done=?,title=? where id=?
Hibernate: select t1_0.id,t1_0.done,t1_0.title from todo t1_0
Hibernate: update todo set done=?,title=? where id=?
Hibernate: select t1_0.id,t1_0.done,t1_0.title from todo t1_0 where t1_0.id=?
Hibernate: delete from todo where id=?
Hibernate: select t1_0.id,t1_0.done,t1_0.title from todo t1_0 where t1_0.id=?
Hibernate: delete from todo where id=?
Hibernate: insert into todo (done,title) values (?,?)
Hibernate: insert into todo (done,title) values (?,?)
Hibernate: select t1_0.id,t1_0.done,t1_0.title from todo t1_0
Hibernate: select t1_0.id,t1_0.done,t1_0.title from todo t1_0
Hibernate: update todo set done=?,title=? where id=?
Hibernate: update todo set done=?,title=? where id=?
2025-08-22T12:06:37.202+08:00  INFO 35369 --- [ToDO] [ionShutdownHook] j.LocalContainerEntityManagerFactoryBean : Closing JPA EntityManagerFactory for persistence unit 'default'
2025-08-22T12:06:37.208+08:00  INFO 35369 --- [ToDO] [ionShutdownHook] com.zaxxer.hikari.HikariDataSource       : HikariPool-1 - Shutdown initiated...
2025-08-22T12:06:37.214+08:00  INFO 35369 --- [ToDO] [ionShutdownHook] com.zaxxer.hikari.HikariDataSource       : HikariPool-1 - Shutdown completed.
